<?xml version="1.0" encoding="UTF-8"?>
<!-- Generated by org.testng.reporters.JUnitReportReporter -->
<testsuite skipped="0" hostname="NOIKAJAHP2480" name="products.Testing" tests="5" failures="0" timestamp="16 Jan 2018 12:49:31 GMT" time="94.259" errors="0">
  <testcase name="case1" time="42.291" classname="products.Testing"/>
  <testcase name="Logo" time="0.126" classname="products.Testing"/>
  <testcase name="searchBox" time="51.646" classname="products.Testing"/>
  <testcase name="home_Page" time="0.195" classname="products.Testing"/>
  <testcase name="secondary_Page" time="0.001" classname="products.Testing"/>
</testsuite> <!-- products.Testing -->
