<?xml version="1.0" encoding="UTF-8"?>
<!-- Generated by org.testng.reporters.JUnitReportReporter -->
<testsuite skipped="0" hostname="NOIKAJAHP2480" name="products.Landing_Page_127" tests="7" failures="0" timestamp="16 Jan 2018 05:05:22 GMT" time="65.989" errors="0">
  <testcase name="landingPage" time="1.127" classname="products.Landing_Page_127"/>
  <testcase name="Logo" time="0.067" classname="products.Landing_Page_127"/>
  <testcase name="Verify_Lang_Toggle_Button" time="0.086" classname="products.Landing_Page_127"/>
  <testcase name="Verify_Health_News" time="3.870" classname="products.Landing_Page_127"/>
  <testcase name="Verify_Test_Above_Search" time="0.066" classname="products.Landing_Page_127"/>
  <testcase name="searchBox" time="52.247" classname="products.Landing_Page_127"/>
  <testcase name="Links_Text_and_Links_URL" time="8.526" classname="products.Landing_Page_127"/>
</testsuite> <!-- products.Landing_Page_127 -->
